<?xml version="1.0" encoding="UTF-8" ?>
<testsuite tests="20" failures="0" name="com.flightreservation.runner.TestRunner" time="199.096" errors="0" skipped="0">
  <properties>
[...]
</properties>
  <testcase classname="| Sydney | Melbourne |" name="Given user navigates to site" time="0.001"/>
  <testcase classname="| Sydney | Melbourne |" name="When user search for one-way filght \&quot;Sydney\&quot; to \&quot;Melbourne\&quot;" time="0"/>
  <testcase classname="| Sydney | Melbourne |" name="And user select Re e-deal value and add to trip" time="0"/>
  <testcase classname="| Sydney | Melbourne |" name="Then verify subtotal value" time="0"/>
  <testcase classname="| Sydney | Melbourne |" name="| Sydney | Melbourne |" time="0"/>
  <testcase classname="| Sydney | Brisbane |" name="Given user navigates to site" time="0"/>
  <testcase classname="| Sydney | Brisbane |" name="When user search for one-way filght \&quot;Sydney\&quot; to \&quot;Brisbane\&quot;" time="0"/>
  <testcase classname="| Sydney | Brisbane |" name="And user select Re e-deal value and add to trip" time="0"/>
  <testcase classname="| Sydney | Brisbane |" name="Then verify subtotal value" time="0"/>
  <testcase classname="| Sydney | Brisbane |" name="| Sydney | Brisbane |" time="0.001"/>
  <testcase classname="| Sydney | Armidale |" name="Given user navigates to site" time="0"/>
  <testcase classname="| Sydney | Armidale |" name="When user search for one-way filght \&quot;Sydney\&quot; to \&quot;Armidale\&quot;" time="0"/>
  <testcase classname="| Sydney | Armidale |" name="And user select Re e-deal value and add to trip" time="0"/>
  <testcase classname="| Sydney | Armidale |" name="Then verify subtotal value" time="0"/>
  <testcase classname="| Sydney | Armidale |" name="| Sydney | Armidale |" time="0"/>
  <testcase classname="| Sydney | Perth |" name="Given user navigates to site" time="0"/>
  <testcase classname="| Sydney | Perth |" name="When user search for one-way filght \&quot;Sydney\&quot; to \&quot;Perth\&quot;" time="0"/>
  <testcase classname="| Sydney | Perth |" name="And user select Re e-deal value and add to trip" time="0"/>
  <testcase classname="| Sydney | Perth |" name="Then verify subtotal value" time="0"/>
  <testcase classname="| Sydney | Perth |" name="| Sydney | Perth |" time="0"/>
</testsuite>