<?xml version="1.0" encoding="UTF-8" ?>
<testsuite tests="30" failures="0" name="com.flightreservation.runner.TestRunner" time="401.631" errors="4" skipped="3">
  <properties>
[...]
</properties>
  <testcase classname="| Sydney | Melbourne |" name="Given user navigates to site" time="0.005"/>
  <testcase classname="| Sydney | Melbourne |" name="When user search for one-way filght \&quot;Sydney\&quot; to \&quot;Melbourne\&quot;" time="0.001"/>
  <testcase classname="| Sydney | Melbourne |" name="Then verify flight widget is O" time="0"/>
  <testcase classname="| Sydney | Melbourne |" name="And user select Re e-deal value and add to trip" time="0"/>
  <testcase classname="| Sydney | Melbourne |" name="Then verify subtotal value" time="0"/>
  <testcase classname="| Sydney | Melbourne |" name="| Sydney | Melbourne |" time="0.489"/>
  <testcase classname="| Sydney | Melbourne |" name="Given user navigates to site" time="0"/>
  <testcase classname="| Sydney | Melbourne |" name="When user search for one-way filght \&quot;Sydney\&quot; to \&quot;Melbourne\&quot;" time="0"/>
  <testcase classname="| Sydney | Melbourne |" name="And user select Re e-deal value and add to trip" time="0"/>
  <testcase classname="| Sydney | Melbourne |" name="When user click on continue till options page" time="0"/>
  <testcase classname="| Sydney | Melbourne |" name="And user check baggage and seats" time="0"/>
  <testcase classname="| Sydney | Melbourne |" name="| Sydney | Melbourne |" time="0.673"/>
  <testcase classname="| Sydney | Brisbane |" name="Given user navigates to site" time="0"/>
  <testcase classname="| Sydney | Brisbane |" name="When user search for one-way filght \&quot;Sydney\&quot; to \&quot;Brisbane\&quot;" time="0"/>
  <testcase classname="| Sydney | Brisbane |" name="And user select Re e-deal value and add to trip" time="0"/>
  <testcase classname="| Sydney | Brisbane |" name="When user click on continue till options page" time="0"/>
  <testcase classname="| Sydney | Brisbane |" name="And user check baggage and seats" time="0"/>
  <testcase classname="| Sydney | Brisbane |" name="| Sydney | Brisbane |" time="0.658"/>
  <testcase classname="| Sydney | Armidale |" name="Given user navigates to site" time="0"/>
  <testcase classname="| Sydney | Armidale |" name="When user search for one-way filght \&quot;Sydney\&quot; to \&quot;Armidale\&quot;" time="0"/>
  <testcase classname="| Sydney | Armidale |" name="And user select Re e-deal value and add to trip" time="0.015">
    <error message="no such element: Unable to locate element: {&quot;method&quot;:&quot;xpath&quot;,&quot;selector&quot;:&quot;//*[@id=&apos;e2e-itinerary-2&apos;]/div/div[2]/div/upsell-itinerary-fares/upsell-fare-cell[1]/div/label&quot;}
  (Session info: chrome=75.0.3770.142)
  (Driver info: chromedriver=2.38.552522 (437e6fbedfa8762dec75e2c5b3ddb86763dc9dcb),platform=Windows NT 10.0.17134 x86_64) (WARNING: The server did not provide any stacktrace information)
Command duration or timeout: 0 milliseconds
For documentation on this error, please visit: http://seleniumhq.org/exceptions/no_such_element.html
Build info: version: &apos;3.7.1&apos;, revision: &apos;8a0099a&apos;, time: &apos;2017-11-06T21:01:39.354Z&apos;
System info: host: &apos;DESKTOP-KOIKRCG&apos;, ip: &apos;192.168.1.107&apos;, os.name: &apos;Windows 10&apos;, os.arch: &apos;amd64&apos;, os.version: &apos;10.0&apos;, java.version: &apos;1.8.0_171&apos;
Driver info: org.openqa.selenium.chrome.ChromeDriver
Capabilities {acceptInsecureCerts: false, acceptSslCerts: false, applicationCacheEnabled: false, browserConnectionEnabled: false, browserName: chrome, chrome: {chromedriverVersion: 2.38.552522 (437e6fbedfa876..., userDataDir: C:\Users\devid\AppData\Loca...}, cssSelectorsEnabled: true, databaseEnabled: false, handlesAlerts: true, hasTouchScreen: false, javascriptEnabled: true, locationContextEnabled: true, mobileEmulationEnabled: false, nativeEvents: true, networkConnectionEnabled: false, pageLoadStrategy: normal, platform: XP, platformName: XP, rotatable: false, setWindowRect: true, takesHeapSnapshot: true, takesScreenshot: true, unexpectedAlertBehaviour: , unhandledPromptBehavior: , version: 75.0.3770.142, webStorageEnabled: true}
Session ID: 7204369ac13a2021afb203f553e695ab
*** Element info: {Using=xpath, value=//*[@id=&apos;e2e-itinerary-2&apos;]/div/div[2]/div/upsell-itinerary-fares/upsell-fare-cell[1]/div/label}" type="org.openqa.selenium.NoSuchElementException">org.openqa.selenium.NoSuchElementException: no such element: Unable to locate element: {&quot;method&quot;:&quot;xpath&quot;,&quot;selector&quot;:&quot;//*[@id=&apos;e2e-itinerary-2&apos;]/div/div[2]/div/upsell-itinerary-fares/upsell-fare-cell[1]/div/label&quot;}
  (Session info: chrome=75.0.3770.142)
  (Driver info: chromedriver=2.38.552522 (437e6fbedfa8762dec75e2c5b3ddb86763dc9dcb),platform=Windows NT 10.0.17134 x86_64) (WARNING: The server did not provide any stacktrace information)
Command duration or timeout: 0 milliseconds
For documentation on this error, please visit: http://seleniumhq.org/exceptions/no_such_element.html
Build info: version: &apos;3.7.1&apos;, revision: &apos;8a0099a&apos;, time: &apos;2017-11-06T21:01:39.354Z&apos;
System info: host: &apos;DESKTOP-KOIKRCG&apos;, ip: &apos;192.168.1.107&apos;, os.name: &apos;Windows 10&apos;, os.arch: &apos;amd64&apos;, os.version: &apos;10.0&apos;, java.version: &apos;1.8.0_171&apos;
Driver info: org.openqa.selenium.chrome.ChromeDriver
Capabilities {acceptInsecureCerts: false, acceptSslCerts: false, applicationCacheEnabled: false, browserConnectionEnabled: false, browserName: chrome, chrome: {chromedriverVersion: 2.38.552522 (437e6fbedfa876..., userDataDir: C:\Users\devid\AppData\Loca...}, cssSelectorsEnabled: true, databaseEnabled: false, handlesAlerts: true, hasTouchScreen: false, javascriptEnabled: true, locationContextEnabled: true, mobileEmulationEnabled: false, nativeEvents: true, networkConnectionEnabled: false, pageLoadStrategy: normal, platform: XP, platformName: XP, rotatable: false, setWindowRect: true, takesHeapSnapshot: true, takesScreenshot: true, unexpectedAlertBehaviour: , unhandledPromptBehavior: , version: 75.0.3770.142, webStorageEnabled: true}
Session ID: 7204369ac13a2021afb203f553e695ab
*** Element info: {Using=xpath, value=//*[@id=&apos;e2e-itinerary-2&apos;]/div/div[2]/div/upsell-itinerary-fares/upsell-fare-cell[1]/div/label}
	at sun.reflect.NativeConstructorAccessorImpl.newInstance0(Native Method)
	at sun.reflect.NativeConstructorAccessorImpl.newInstance(NativeConstructorAccessorImpl.java:62)
	at sun.reflect.DelegatingConstructorAccessorImpl.newInstance(DelegatingConstructorAccessorImpl.java:45)
	at java.lang.reflect.Constructor.newInstance(Constructor.java:423)
	at org.openqa.selenium.remote.ErrorHandler.createThrowable(ErrorHandler.java:214)
	at org.openqa.selenium.remote.ErrorHandler.throwIfResponseFailed(ErrorHandler.java:166)
	at org.openqa.selenium.remote.http.JsonHttpResponseCodec.reconstructValue(JsonHttpResponseCodec.java:40)
	at org.openqa.selenium.remote.http.AbstractHttpResponseCodec.decode(AbstractHttpResponseCodec.java:80)
	at org.openqa.selenium.remote.http.AbstractHttpResponseCodec.decode(AbstractHttpResponseCodec.java:44)
	at org.openqa.selenium.remote.HttpCommandExecutor.execute(HttpCommandExecutor.java:164)
	at org.openqa.selenium.remote.service.DriverCommandExecutor.execute(DriverCommandExecutor.java:83)
	at org.openqa.selenium.remote.RemoteWebDriver.execute(RemoteWebDriver.java:600)
	at org.openqa.selenium.remote.RemoteWebDriver.findElement(RemoteWebDriver.java:370)
	at org.openqa.selenium.remote.RemoteWebDriver.findElementByXPath(RemoteWebDriver.java:472)
	at org.openqa.selenium.By$ByXPath.findElement(By.java:361)
	at org.openqa.selenium.remote.RemoteWebDriver.findElement(RemoteWebDriver.java:362)
	at com.flightreservation.pages.FlightDetails.selectAnyDeal(FlightDetails.java:114)
	at com.seleniumcucumber.stepdefinitions.Test.SelectAnyDeal_AddToTrip(Test.java:66)
	at ✽.And user select Re e-deal value and add to trip(features/test.feature:25)
</error>
  </testcase>
  <testcase classname="| Sydney | Armidale |" name="| Sydney | Armidale |" time="0.019">
    <error message="no such element: Unable to locate element: {&quot;method&quot;:&quot;xpath&quot;,&quot;selector&quot;:&quot;//*[@id=&apos;e2e-itinerary-2&apos;]/div/div[2]/div/upsell-itinerary-fares/upsell-fare-cell[1]/div/label&quot;}
  (Session info: chrome=75.0.3770.142)
  (Driver info: chromedriver=2.38.552522 (437e6fbedfa8762dec75e2c5b3ddb86763dc9dcb),platform=Windows NT 10.0.17134 x86_64) (WARNING: The server did not provide any stacktrace information)
Command duration or timeout: 0 milliseconds
For documentation on this error, please visit: http://seleniumhq.org/exceptions/no_such_element.html
Build info: version: &apos;3.7.1&apos;, revision: &apos;8a0099a&apos;, time: &apos;2017-11-06T21:01:39.354Z&apos;
System info: host: &apos;DESKTOP-KOIKRCG&apos;, ip: &apos;192.168.1.107&apos;, os.name: &apos;Windows 10&apos;, os.arch: &apos;amd64&apos;, os.version: &apos;10.0&apos;, java.version: &apos;1.8.0_171&apos;
Driver info: org.openqa.selenium.chrome.ChromeDriver
Capabilities {acceptInsecureCerts: false, acceptSslCerts: false, applicationCacheEnabled: false, browserConnectionEnabled: false, browserName: chrome, chrome: {chromedriverVersion: 2.38.552522 (437e6fbedfa876..., userDataDir: C:\Users\devid\AppData\Loca...}, cssSelectorsEnabled: true, databaseEnabled: false, handlesAlerts: true, hasTouchScreen: false, javascriptEnabled: true, locationContextEnabled: true, mobileEmulationEnabled: false, nativeEvents: true, networkConnectionEnabled: false, pageLoadStrategy: normal, platform: XP, platformName: XP, rotatable: false, setWindowRect: true, takesHeapSnapshot: true, takesScreenshot: true, unexpectedAlertBehaviour: , unhandledPromptBehavior: , version: 75.0.3770.142, webStorageEnabled: true}
Session ID: 7204369ac13a2021afb203f553e695ab
*** Element info: {Using=xpath, value=//*[@id=&apos;e2e-itinerary-2&apos;]/div/div[2]/div/upsell-itinerary-fares/upsell-fare-cell[1]/div/label}" type="org.openqa.selenium.NoSuchElementException">org.openqa.selenium.NoSuchElementException: no such element: Unable to locate element: {&quot;method&quot;:&quot;xpath&quot;,&quot;selector&quot;:&quot;//*[@id=&apos;e2e-itinerary-2&apos;]/div/div[2]/div/upsell-itinerary-fares/upsell-fare-cell[1]/div/label&quot;}
  (Session info: chrome=75.0.3770.142)
  (Driver info: chromedriver=2.38.552522 (437e6fbedfa8762dec75e2c5b3ddb86763dc9dcb),platform=Windows NT 10.0.17134 x86_64) (WARNING: The server did not provide any stacktrace information)
Command duration or timeout: 0 milliseconds
For documentation on this error, please visit: http://seleniumhq.org/exceptions/no_such_element.html
Build info: version: &apos;3.7.1&apos;, revision: &apos;8a0099a&apos;, time: &apos;2017-11-06T21:01:39.354Z&apos;
System info: host: &apos;DESKTOP-KOIKRCG&apos;, ip: &apos;192.168.1.107&apos;, os.name: &apos;Windows 10&apos;, os.arch: &apos;amd64&apos;, os.version: &apos;10.0&apos;, java.version: &apos;1.8.0_171&apos;
Driver info: org.openqa.selenium.chrome.ChromeDriver
Capabilities {acceptInsecureCerts: false, acceptSslCerts: false, applicationCacheEnabled: false, browserConnectionEnabled: false, browserName: chrome, chrome: {chromedriverVersion: 2.38.552522 (437e6fbedfa876..., userDataDir: C:\Users\devid\AppData\Loca...}, cssSelectorsEnabled: true, databaseEnabled: false, handlesAlerts: true, hasTouchScreen: false, javascriptEnabled: true, locationContextEnabled: true, mobileEmulationEnabled: false, nativeEvents: true, networkConnectionEnabled: false, pageLoadStrategy: normal, platform: XP, platformName: XP, rotatable: false, setWindowRect: true, takesHeapSnapshot: true, takesScreenshot: true, unexpectedAlertBehaviour: , unhandledPromptBehavior: , version: 75.0.3770.142, webStorageEnabled: true}
Session ID: 7204369ac13a2021afb203f553e695ab
*** Element info: {Using=xpath, value=//*[@id=&apos;e2e-itinerary-2&apos;]/div/div[2]/div/upsell-itinerary-fares/upsell-fare-cell[1]/div/label}
	at sun.reflect.NativeConstructorAccessorImpl.newInstance0(Native Method)
	at sun.reflect.NativeConstructorAccessorImpl.newInstance(NativeConstructorAccessorImpl.java:62)
	at sun.reflect.DelegatingConstructorAccessorImpl.newInstance(DelegatingConstructorAccessorImpl.java:45)
	at java.lang.reflect.Constructor.newInstance(Constructor.java:423)
	at org.openqa.selenium.remote.ErrorHandler.createThrowable(ErrorHandler.java:214)
	at org.openqa.selenium.remote.ErrorHandler.throwIfResponseFailed(ErrorHandler.java:166)
	at org.openqa.selenium.remote.http.JsonHttpResponseCodec.reconstructValue(JsonHttpResponseCodec.java:40)
	at org.openqa.selenium.remote.http.AbstractHttpResponseCodec.decode(AbstractHttpResponseCodec.java:80)
	at org.openqa.selenium.remote.http.AbstractHttpResponseCodec.decode(AbstractHttpResponseCodec.java:44)
	at org.openqa.selenium.remote.HttpCommandExecutor.execute(HttpCommandExecutor.java:164)
	at org.openqa.selenium.remote.service.DriverCommandExecutor.execute(DriverCommandExecutor.java:83)
	at org.openqa.selenium.remote.RemoteWebDriver.execute(RemoteWebDriver.java:600)
	at org.openqa.selenium.remote.RemoteWebDriver.findElement(RemoteWebDriver.java:370)
	at org.openqa.selenium.remote.RemoteWebDriver.findElementByXPath(RemoteWebDriver.java:472)
	at org.openqa.selenium.By$ByXPath.findElement(By.java:361)
	at org.openqa.selenium.remote.RemoteWebDriver.findElement(RemoteWebDriver.java:362)
	at com.flightreservation.pages.FlightDetails.selectAnyDeal(FlightDetails.java:114)
	at com.seleniumcucumber.stepdefinitions.Test.SelectAnyDeal_AddToTrip(Test.java:66)
	at ✽.And user select Re e-deal value and add to trip(features/test.feature:25)
</error>
  </testcase>
  <testcase classname="| Sydney | Armidale |" name="When user click on continue till options page" time="0.031">
    <skipped/>
  </testcase>
  <testcase classname="| Sydney | Armidale |" name="And user check baggage and seats" time="0.034">
    <skipped/>
  </testcase>
  <testcase classname="| Sydney | Perth |" name="Given user navigates to site" time="0"/>
  <testcase classname="| Sydney | Perth |" name="When user search for one-way filght \&quot;Sydney\&quot; to \&quot;Perth\&quot;" time="0"/>
  <testcase classname="| Sydney | Perth |" name="And user select Re e-deal value and add to trip" time="0"/>
  <testcase classname="| Sydney | Perth |" name="When user click on continue till options page" time="0.003">
    <error message="element not visible
  (Session info: chrome=75.0.3770.142)
  (Driver info: chromedriver=2.38.552522 (437e6fbedfa8762dec75e2c5b3ddb86763dc9dcb),platform=Windows NT 10.0.17134 x86_64) (WARNING: The server did not provide any stacktrace information)
Command duration or timeout: 0 milliseconds
Build info: version: &apos;3.7.1&apos;, revision: &apos;8a0099a&apos;, time: &apos;2017-11-06T21:01:39.354Z&apos;
System info: host: &apos;DESKTOP-KOIKRCG&apos;, ip: &apos;192.168.1.107&apos;, os.name: &apos;Windows 10&apos;, os.arch: &apos;amd64&apos;, os.version: &apos;10.0&apos;, java.version: &apos;1.8.0_171&apos;
Driver info: org.openqa.selenium.chrome.ChromeDriver
Capabilities {acceptInsecureCerts: false, acceptSslCerts: false, applicationCacheEnabled: false, browserConnectionEnabled: false, browserName: chrome, chrome: {chromedriverVersion: 2.38.552522 (437e6fbedfa876..., userDataDir: C:\Users\devid\AppData\Loca...}, cssSelectorsEnabled: true, databaseEnabled: false, handlesAlerts: true, hasTouchScreen: false, javascriptEnabled: true, locationContextEnabled: true, mobileEmulationEnabled: false, nativeEvents: true, networkConnectionEnabled: false, pageLoadStrategy: normal, platform: XP, platformName: XP, rotatable: false, setWindowRect: true, takesHeapSnapshot: true, takesScreenshot: true, unexpectedAlertBehaviour: , unhandledPromptBehavior: , version: 75.0.3770.142, webStorageEnabled: true}
Session ID: 5d77ad1e283e56bdceb6a723695d513f" type="org.openqa.selenium.ElementNotVisibleException">org.openqa.selenium.ElementNotVisibleException: element not visible
  (Session info: chrome=75.0.3770.142)
  (Driver info: chromedriver=2.38.552522 (437e6fbedfa8762dec75e2c5b3ddb86763dc9dcb),platform=Windows NT 10.0.17134 x86_64) (WARNING: The server did not provide any stacktrace information)
Command duration or timeout: 0 milliseconds
Build info: version: &apos;3.7.1&apos;, revision: &apos;8a0099a&apos;, time: &apos;2017-11-06T21:01:39.354Z&apos;
System info: host: &apos;DESKTOP-KOIKRCG&apos;, ip: &apos;192.168.1.107&apos;, os.name: &apos;Windows 10&apos;, os.arch: &apos;amd64&apos;, os.version: &apos;10.0&apos;, java.version: &apos;1.8.0_171&apos;
Driver info: org.openqa.selenium.chrome.ChromeDriver
Capabilities {acceptInsecureCerts: false, acceptSslCerts: false, applicationCacheEnabled: false, browserConnectionEnabled: false, browserName: chrome, chrome: {chromedriverVersion: 2.38.552522 (437e6fbedfa876..., userDataDir: C:\Users\devid\AppData\Loca...}, cssSelectorsEnabled: true, databaseEnabled: false, handlesAlerts: true, hasTouchScreen: false, javascriptEnabled: true, locationContextEnabled: true, mobileEmulationEnabled: false, nativeEvents: true, networkConnectionEnabled: false, pageLoadStrategy: normal, platform: XP, platformName: XP, rotatable: false, setWindowRect: true, takesHeapSnapshot: true, takesScreenshot: true, unexpectedAlertBehaviour: , unhandledPromptBehavior: , version: 75.0.3770.142, webStorageEnabled: true}
Session ID: 5d77ad1e283e56bdceb6a723695d513f
	at sun.reflect.NativeConstructorAccessorImpl.newInstance0(Native Method)
	at sun.reflect.NativeConstructorAccessorImpl.newInstance(NativeConstructorAccessorImpl.java:62)
	at sun.reflect.DelegatingConstructorAccessorImpl.newInstance(DelegatingConstructorAccessorImpl.java:45)
	at java.lang.reflect.Constructor.newInstance(Constructor.java:423)
	at org.openqa.selenium.remote.ErrorHandler.createThrowable(ErrorHandler.java:214)
	at org.openqa.selenium.remote.ErrorHandler.throwIfResponseFailed(ErrorHandler.java:166)
	at org.openqa.selenium.remote.http.JsonHttpResponseCodec.reconstructValue(JsonHttpResponseCodec.java:40)
	at org.openqa.selenium.remote.http.AbstractHttpResponseCodec.decode(AbstractHttpResponseCodec.java:80)
	at org.openqa.selenium.remote.http.AbstractHttpResponseCodec.decode(AbstractHttpResponseCodec.java:44)
	at org.openqa.selenium.remote.HttpCommandExecutor.execute(HttpCommandExecutor.java:164)
	at org.openqa.selenium.remote.service.DriverCommandExecutor.execute(DriverCommandExecutor.java:83)
	at org.openqa.selenium.remote.RemoteWebDriver.execute(RemoteWebDriver.java:600)
	at org.openqa.selenium.remote.RemoteWebElement.execute(RemoteWebElement.java:279)
	at org.openqa.selenium.remote.RemoteWebElement.click(RemoteWebElement.java:83)
	at com.flightreservation.pages.FlightDetails.clickonContinueAndAcceptButtonTillOptionsPage(FlightDetails.java:145)
	at com.seleniumcucumber.stepdefinitions.Test.clickOnContinue(Test.java:81)
	at ✽.When user click on continue till options page(features/test.feature:26)
</error>
  </testcase>
  <testcase classname="| Sydney | Perth |" name="| Sydney | Perth |" time="0.011">
    <error message="element not visible
  (Session info: chrome=75.0.3770.142)
  (Driver info: chromedriver=2.38.552522 (437e6fbedfa8762dec75e2c5b3ddb86763dc9dcb),platform=Windows NT 10.0.17134 x86_64) (WARNING: The server did not provide any stacktrace information)
Command duration or timeout: 0 milliseconds
Build info: version: &apos;3.7.1&apos;, revision: &apos;8a0099a&apos;, time: &apos;2017-11-06T21:01:39.354Z&apos;
System info: host: &apos;DESKTOP-KOIKRCG&apos;, ip: &apos;192.168.1.107&apos;, os.name: &apos;Windows 10&apos;, os.arch: &apos;amd64&apos;, os.version: &apos;10.0&apos;, java.version: &apos;1.8.0_171&apos;
Driver info: org.openqa.selenium.chrome.ChromeDriver
Capabilities {acceptInsecureCerts: false, acceptSslCerts: false, applicationCacheEnabled: false, browserConnectionEnabled: false, browserName: chrome, chrome: {chromedriverVersion: 2.38.552522 (437e6fbedfa876..., userDataDir: C:\Users\devid\AppData\Loca...}, cssSelectorsEnabled: true, databaseEnabled: false, handlesAlerts: true, hasTouchScreen: false, javascriptEnabled: true, locationContextEnabled: true, mobileEmulationEnabled: false, nativeEvents: true, networkConnectionEnabled: false, pageLoadStrategy: normal, platform: XP, platformName: XP, rotatable: false, setWindowRect: true, takesHeapSnapshot: true, takesScreenshot: true, unexpectedAlertBehaviour: , unhandledPromptBehavior: , version: 75.0.3770.142, webStorageEnabled: true}
Session ID: 5d77ad1e283e56bdceb6a723695d513f" type="org.openqa.selenium.ElementNotVisibleException">org.openqa.selenium.ElementNotVisibleException: element not visible
  (Session info: chrome=75.0.3770.142)
  (Driver info: chromedriver=2.38.552522 (437e6fbedfa8762dec75e2c5b3ddb86763dc9dcb),platform=Windows NT 10.0.17134 x86_64) (WARNING: The server did not provide any stacktrace information)
Command duration or timeout: 0 milliseconds
Build info: version: &apos;3.7.1&apos;, revision: &apos;8a0099a&apos;, time: &apos;2017-11-06T21:01:39.354Z&apos;
System info: host: &apos;DESKTOP-KOIKRCG&apos;, ip: &apos;192.168.1.107&apos;, os.name: &apos;Windows 10&apos;, os.arch: &apos;amd64&apos;, os.version: &apos;10.0&apos;, java.version: &apos;1.8.0_171&apos;
Driver info: org.openqa.selenium.chrome.ChromeDriver
Capabilities {acceptInsecureCerts: false, acceptSslCerts: false, applicationCacheEnabled: false, browserConnectionEnabled: false, browserName: chrome, chrome: {chromedriverVersion: 2.38.552522 (437e6fbedfa876..., userDataDir: C:\Users\devid\AppData\Loca...}, cssSelectorsEnabled: true, databaseEnabled: false, handlesAlerts: true, hasTouchScreen: false, javascriptEnabled: true, locationContextEnabled: true, mobileEmulationEnabled: false, nativeEvents: true, networkConnectionEnabled: false, pageLoadStrategy: normal, platform: XP, platformName: XP, rotatable: false, setWindowRect: true, takesHeapSnapshot: true, takesScreenshot: true, unexpectedAlertBehaviour: , unhandledPromptBehavior: , version: 75.0.3770.142, webStorageEnabled: true}
Session ID: 5d77ad1e283e56bdceb6a723695d513f
	at sun.reflect.NativeConstructorAccessorImpl.newInstance0(Native Method)
	at sun.reflect.NativeConstructorAccessorImpl.newInstance(NativeConstructorAccessorImpl.java:62)
	at sun.reflect.DelegatingConstructorAccessorImpl.newInstance(DelegatingConstructorAccessorImpl.java:45)
	at java.lang.reflect.Constructor.newInstance(Constructor.java:423)
	at org.openqa.selenium.remote.ErrorHandler.createThrowable(ErrorHandler.java:214)
	at org.openqa.selenium.remote.ErrorHandler.throwIfResponseFailed(ErrorHandler.java:166)
	at org.openqa.selenium.remote.http.JsonHttpResponseCodec.reconstructValue(JsonHttpResponseCodec.java:40)
	at org.openqa.selenium.remote.http.AbstractHttpResponseCodec.decode(AbstractHttpResponseCodec.java:80)
	at org.openqa.selenium.remote.http.AbstractHttpResponseCodec.decode(AbstractHttpResponseCodec.java:44)
	at org.openqa.selenium.remote.HttpCommandExecutor.execute(HttpCommandExecutor.java:164)
	at org.openqa.selenium.remote.service.DriverCommandExecutor.execute(DriverCommandExecutor.java:83)
	at org.openqa.selenium.remote.RemoteWebDriver.execute(RemoteWebDriver.java:600)
	at org.openqa.selenium.remote.RemoteWebElement.execute(RemoteWebElement.java:279)
	at org.openqa.selenium.remote.RemoteWebElement.click(RemoteWebElement.java:83)
	at com.flightreservation.pages.FlightDetails.clickonContinueAndAcceptButtonTillOptionsPage(FlightDetails.java:145)
	at com.seleniumcucumber.stepdefinitions.Test.clickOnContinue(Test.java:81)
	at ✽.When user click on continue till options page(features/test.feature:26)
</error>
  </testcase>
  <testcase classname="| Sydney | Perth |" name="And user check baggage and seats" time="0.011">
    <skipped/>
  </testcase>
</testsuite>